INFO 2022-09-02 07:40:47,289 _internal.py _log no.224: [31m[1mWARNING: This is a development server. Do not use it in a production deployment. Use a production WSGI server instead.[0m
 * Running on http://127.0.0.1:8888
INFO 2022-09-02 07:40:47,289 _internal.py _log no.224: [33mPress CTRL+C to quit[0m
INFO 2022-09-02 07:40:47,291 _internal.py _log no.224:  * Restarting with stat
WARNING 2022-09-02 07:40:47,919 _internal.py _log no.224:  * Debugger is active!
INFO 2022-09-02 07:40:47,922 _internal.py _log no.224:  * Debugger PIN: 688-444-793
INFO 2022-09-02 07:40:56,354 index.py upgrade_fans no.26: ******************************************************************************************第1页******************************************************************************************
INFO 2022-09-02 07:41:01,475 index.py upgrade_fans no.26: ******************************************************************************************第2页******************************************************************************************
INFO 2022-09-02 07:41:06,581 index.py upgrade_fans no.26: ******************************************************************************************第3页******************************************************************************************
INFO 2022-09-02 07:41:11,681 index.py upgrade_fans no.26: ******************************************************************************************第4页******************************************************************************************
INFO 2022-09-02 07:41:16,823 index.py upgrade_fans no.26: ******************************************************************************************第5页******************************************************************************************
INFO 2022-09-02 07:41:21,966 index.py upgrade_fans no.26: ******************************************************************************************第6页******************************************************************************************
INFO 2022-09-02 07:41:29,295 _internal.py _log no.224: 127.0.0.1 - - [02/Sep/2022 07:41:29] "POST /about/upgrade_fans HTTP/1.1" 200 -
INFO 2022-09-02 07:42:18,880 _internal.py _log no.224:  * Detected change in 'D:\\PycharmProjects\\flaskProject\\api\\page\\guanyu\\index.py', reloading
INFO 2022-09-02 07:42:18,985 _internal.py _log no.224:  * Restarting with stat
WARNING 2022-09-02 07:42:19,775 _internal.py _log no.224:  * Debugger is active!
INFO 2022-09-02 07:42:19,777 _internal.py _log no.224:  * Debugger PIN: 688-444-793
INFO 2022-09-02 07:43:52,227 index.py upgrade_fans no.26: ******************************************************************************************第1页******************************************************************************************
INFO 2022-09-02 07:43:57,339 index.py upgrade_fans no.26: ******************************************************************************************第2页******************************************************************************************
INFO 2022-09-02 07:44:02,438 index.py upgrade_fans no.26: ******************************************************************************************第3页******************************************************************************************
INFO 2022-09-02 07:44:07,574 index.py upgrade_fans no.26: ******************************************************************************************第4页******************************************************************************************
INFO 2022-09-02 07:44:12,680 index.py upgrade_fans no.26: ******************************************************************************************第5页******************************************************************************************
INFO 2022-09-02 07:44:17,811 _internal.py _log no.224: 127.0.0.1 - - [02/Sep/2022 07:44:17] "[35m[1mPOST /about/upgrade_fans HTTP/1.1[0m" 500 -
INFO 2022-09-02 07:46:27,705 _internal.py _log no.224:  * Detected change in 'D:\\PycharmProjects\\flaskProject\\api\\page\\guanyu\\index.py', reloading
INFO 2022-09-02 07:46:27,792 _internal.py _log no.224:  * Restarting with stat
WARNING 2022-09-02 07:46:28,419 _internal.py _log no.224:  * Debugger is active!
INFO 2022-09-02 07:46:28,421 _internal.py _log no.224:  * Debugger PIN: 688-444-793
INFO 2022-09-02 07:46:36,331 index.py upgrade_fans no.26: ******************************************************************************************第1页******************************************************************************************
INFO 2022-09-02 07:46:41,447 index.py upgrade_fans no.26: ******************************************************************************************第2页******************************************************************************************
INFO 2022-09-02 07:46:46,546 index.py upgrade_fans no.26: ******************************************************************************************第3页******************************************************************************************
INFO 2022-09-02 07:46:51,683 index.py upgrade_fans no.26: ******************************************************************************************第4页******************************************************************************************
INFO 2022-09-02 07:46:56,819 index.py upgrade_fans no.26: ******************************************************************************************第5页******************************************************************************************
INFO 2022-09-02 07:47:04,251 _internal.py _log no.224: 127.0.0.1 - - [02/Sep/2022 07:47:04] "[35m[1mPOST /about/upgrade_fans HTTP/1.1[0m" 500 -
INFO 2022-09-02 07:51:12,436 _internal.py _log no.224:  * Detected change in 'D:\\PycharmProjects\\flaskProject\\api\\page\\guanyu\\index.py', reloading
INFO 2022-09-02 07:51:12,541 _internal.py _log no.224:  * Restarting with stat
WARNING 2022-09-02 07:51:13,192 _internal.py _log no.224:  * Debugger is active!
INFO 2022-09-02 07:51:13,194 _internal.py _log no.224:  * Debugger PIN: 688-444-793
INFO 2022-09-02 07:51:15,147 index.py upgrade_fans no.26: ******************************************************************************************第1页******************************************************************************************
INFO 2022-09-02 07:51:20,274 index.py upgrade_fans no.26: ******************************************************************************************第2页******************************************************************************************
INFO 2022-09-02 07:51:25,458 index.py upgrade_fans no.26: ******************************************************************************************第3页******************************************************************************************
INFO 2022-09-02 07:51:30,583 index.py upgrade_fans no.26: ******************************************************************************************第4页******************************************************************************************
INFO 2022-09-02 07:51:35,703 index.py upgrade_fans no.26: ******************************************************************************************第5页******************************************************************************************
INFO 2022-09-02 07:51:40,821 index.py upgrade_fans no.26: ******************************************************************************************第6页******************************************************************************************
INFO 2022-09-02 07:51:48,107 _internal.py _log no.224: 127.0.0.1 - - [02/Sep/2022 07:51:48] "POST /about/upgrade_fans HTTP/1.1" 200 -
INFO 2022-09-02 07:53:38,848 _internal.py _log no.224:  * Detected change in 'D:\\PycharmProjects\\flaskProject\\api\\page\\guanyu\\index.py', reloading
INFO 2022-09-02 07:53:38,945 _internal.py _log no.224:  * Restarting with stat
WARNING 2022-09-02 07:53:39,715 _internal.py _log no.224:  * Debugger is active!
INFO 2022-09-02 07:53:39,718 _internal.py _log no.224:  * Debugger PIN: 688-444-793
INFO 2022-09-02 07:57:49,943 index.py upgrade_fans no.27: ******************************************************************************************第1页******************************************************************************************
INFO 2022-09-02 07:57:55,115 index.py upgrade_fans no.27: ******************************************************************************************第2页******************************************************************************************
INFO 2022-09-02 07:58:00,238 index.py upgrade_fans no.27: ******************************************************************************************第3页******************************************************************************************
INFO 2022-09-02 07:58:05,439 index.py upgrade_fans no.27: ******************************************************************************************第4页******************************************************************************************
INFO 2022-09-02 07:58:10,550 index.py upgrade_fans no.27: ******************************************************************************************第5页******************************************************************************************
INFO 2022-09-02 07:58:15,661 index.py upgrade_fans no.27: ******************************************************************************************第6页******************************************************************************************
INFO 2022-09-02 07:58:22,175 _internal.py _log no.224: 127.0.0.1 - - [02/Sep/2022 07:58:22] "POST /about/upgrade_fans HTTP/1.1" 200 -
